<?xml version="1.0" encoding="utf-8"?>
<test-run id="2" testcasecount="422" result="Passed" total="422" passed="422" failed="0" inconclusive="0" skipped="0" asserts="0" engine-version="3.5.0.0" clr-version="4.0.30319.42000" start-time="2026-01-27 04:01:01Z" end-time="2026-01-27 04:02:13Z" duration="71.7260431">
  <test-suite type="TestSuite" id="1478" name="Unity6Sample" fullname="Unity6Sample" runstate="Runnable" testcasecount="422" result="Passed" start-time="2026-01-27 04:01:01Z" end-time="2026-01-27 04:02:13Z" duration="71.726043" total="422" passed="422" failed="0" inconclusive="0" skipped="0" asserts="0">
    <properties>
      <property name="platform" value="EditMode" />
    </properties>
    <test-suite type="Assembly" id="1170" name="Game.Tests.MVC.dll" fullname="E:/UnityProjects/Unity6Sample/Library/ScriptAssemblies/Game.Tests.MVC.dll" runstate="Runnable" testcasecount="160" result="Passed" start-time="2026-01-27 04:01:01Z" end-time="2026-01-27 04:01:39Z" duration="37.688408" total="160" passed="160" failed="0" inconclusive="0" skipped="0" asserts="0">
      <properties>
        <property name="_PID" value="53932" />
        <property name="_APPDOMAIN" value="Unity Child Domain" />
        <property name="platform" value="EditMode" />
        <property name="EditorOnly" value="True" />
      </properties>
      <test-suite type="TestSuite" id="1171" name="Game" fullname="Game" runstate="Runnable" testcasecount="160" result="Passed" start-time="2026-01-27 04:01:01Z" end-time="2026-01-27 04:01:39Z" duration="37.591135" total="160" passed="160" failed="0" inconclusive="0" skipped="0" asserts="0">
        <properties />
        <test-suite type="TestSuite" id="1174" name="Editor" fullname="Game.Editor" runstate="Runnable" testcasecount="80" result="Passed" start-time="2026-01-27 04:01:01Z" end-time="2026-01-27 04:01:38Z" duration="36.858670" total="80" passed="80" failed="0" inconclusive="0" skipped="0" asserts="0">
          <properties />
          <test-suite type="TestSuite" id="1175" name="Tests" fullname="Game.Editor.Tests" runstate="Runnable" testcasecount="80" result="Passed" start-time="2026-01-27 04:01:01Z" end-time="2026-01-27 04:01:38Z" duration="36.759747" total="80" passed="80" failed="0" inconclusive="0" skipped="0" asserts="0">
            <properties />
            <test-suite type="TestFixture" id="1051" name="GameSceneServicePerformanceTests" fullname="Game.Editor.Tests.GameSceneServicePerformanceTests" classname="Game.Editor.Tests.GameSceneServicePerformanceTests" runstate="Runnable" testcasecount="13" result="Passed" start-time="2026-01-27 04:01:01Z" end-time="2026-01-27 04:01:30Z" duration="28.537533" total="13" passed="13" failed="0" inconclusive="0" skipped="0" asserts="0">
              <properties />
              <test-case id="1054" name="CPUPerformance_Task_TransitionAsync" fullname="Game.Editor.Tests.GameSceneServicePerformanceTests.CPUPerformance_Task_TransitionAsync" methodname="CPUPerformance_Task_TransitionAsync" classname="Game.Editor.Tests.GameSceneServicePerformanceTests" runstate="Runnable" seed="34312478" result="Passed" start-time="2026-01-27 04:01:01Z" end-time="2026-01-27 04:01:02Z" duration="0.247578" asserts="0">
                <properties>
                  <property name="retryIteration" value="0" />
                  <property name="repeatIteration" value="0" />
                </properties>
                <reason>
                  <message><![CDATA[Task版 CPU Time: 28.743 ms total, 0.002874 ms/op]]></message>
                </reason>
                <output><![CDATA[[Task版] TransitionAsync CPU時間
  - 総時間: 28.743 ms
  - 平均時間: 0.002874 ms/回
  - スループット: 347908 ops/sec
]]></output>
              </test-case>
              <test-case id="1055" name="CPUPerformance_UniTask_TransitionAsync" fullname="Game.Editor.Tests.GameSceneServicePerformanceTests.CPUPerformance_UniTask_TransitionAsync" methodname="CPUPerformance_UniTask_TransitionAsync" classname="Game.Editor.Tests.GameSceneServicePerformanceTests" runstate="Runnable" seed="640347604" result="Passed" start-time="2026-01-27 04:01:02Z" end-time="2026-01-27 04:01:02Z" duration="0.207283" asserts="0">
                <properties>
                  <property name="retryIteration" value="0" />
                  <property name="repeatIteration" value="0" />
                </properties>
                <reason>
                  <message><![CDATA[UniTask版 CPU Time: 18.749 ms total, 0.001875 ms/op]]></message>
                </reason>
                <output><![CDATA[[UniTask版] TransitionAsync CPU時間
  - 総時間: 18.749 ms
  - 平均時間: 0.001875 ms/回
  - スループット: 533376 ops/sec
]]></output>
              </test-case>
              <test-case id="1052" name="GCAllocation_Task_TransitionAsync" fullname="Game.Editor.Tests.GameSceneServicePerformanceTests.GCAllocation_Task_TransitionAsync" methodname="GCAllocation_Task_TransitionAsync" classname="Game.Editor.Tests.GameSceneServicePerformanceTests" runstate="Runnable" seed="1366310377" result="Passed" start-time="2026-01-27 04:01:02Z" end-time="2026-01-27 04:01:04Z" duration="1.640238" asserts="0">
                <properties>
                  <property name="retryIteration" value="0" />
                  <property name="repeatIteration" value="0" />
                </properties>
                <reason>
                  <message><![CDATA[Task版 GC Allocation: 0 bytes, GC Collections: 0]]></message>
                </reason>
                <output><![CDATA[[Task版] TransitionAsync x 10000回
  - 総アロケーション: 0 bytes (0 bytes/回)
  - GC発生回数: 0回
]]></output>
              </test-case>
              <test-case id="1053" name="GCAllocation_UniTask_TransitionAsync" fullname="Game.Editor.Tests.GameSceneServicePerformanceTests.GCAllocation_UniTask_TransitionAsync" methodname="GCAllocation_UniTask_TransitionAsync" classname="Game.Editor.Tests.GameSceneServicePerformanceTests" runstate="Runnable" seed="2129885479" result="Passed" start-time="2026-01-27 04:01:04Z" end-time="2026-01-27 04:01:05Z" duration="1.579334" asserts="0">
                <properties>
                  <property name="retryIteration" value="0" />
                  <property name="repeatIteration" value="0" />
                </properties>
                <reason>
                  <message><![CDATA[UniTask版 GC Allocation: 0 bytes, GC Collections: 0]]></message>
                </reason>
                <output><![CDATA[[UniTask版] TransitionAsync x 10000回
  - 総アロケーション: 0 bytes (0 bytes/回)
  - GC発生回数: 0回
]]></output>
              </test-case>
              <test-case id="1062" name="Memory_Detailed_Comparison" fullname="Game.Editor.Tests.GameSceneServicePerformanceTests.Memory_Detailed_Comparison" methodname="Memory_Detailed_Comparison" classname="Game.Editor.Tests.GameSceneServicePerformanceTests" runstate="Runnable" seed="1659662037" result="Passed" start-time="2026-01-27 04:01:05Z" end-time="2026-01-27 04:01:08Z" duration="3.092256" asserts="0">
                <properties>
                  <property name="retryIteration" value="0" />
                  <property name="repeatIteration" value="0" />
                </properties>
                <reason>
                  <message><![CDATA[詳細メモリ比較完了]]></message>
                </reason>
                <output><![CDATA[=== 詳細メモリ比較分析 ===
イテレーション数: 10000回
サンプリング間隔: 100回毎

[Task版 メモリ計測結果]
  総アロケーション: 64.00 KB
  平均/回: 6.55 bytes
  ピークメモリ: 978.76 MB
  GC回数: Gen0=0, Gen1=0, Gen2=0
  サンプル統計: 最小=8.00 KB, 最大=64.00 KB, 平均=51.60 KB

[UniTask版 メモリ計測結果]
  総アロケーション: 0 B
  平均/回: 0.00 bytes
  ピークメモリ: 978.68 MB
  GC回数: Gen0=0, Gen1=0, Gen2=0
  サンプル統計: 最小=0 B, 最大=0 B, 平均=0 B

=== 比較結果 ===
総メモリ削減率: 100.0%
  Task: 64.00 KB
  UniTask: 0 B
平均メモリ/回 削減率: 100.0%
  Task: 6.55 bytes/回
  UniTask: 0.00 bytes/回
GCコレクション回数:
  Task: Gen0=0, Gen1=0, Gen2=0 (計0)
  UniTask: Gen0=0, Gen1=0, Gen2=0 (計0)
]]></output>
              </test-case>
              <test-case id="1060" name="Memory_Detailed_Task_Analysis" fullname="Game.Editor.Tests.GameSceneServicePerformanceTests.Memory_Detailed_Task_Analysis" methodname="Memory_Detailed_Task_Analysis" classname="Game.Editor.Tests.GameSceneServicePerformanceTests" runstate="Runnable" seed="1911072071" result="Passed" start-time="2026-01-27 04:01:08Z" end-time="2026-01-27 04:01:10Z" duration="1.642005" asserts="0">
                <properties>
                  <property name="retryIteration" value="0" />
                  <property name="repeatIteration" value="0" />
                </properties>
                <reason>
                  <message><![CDATA[Task版メモリ分析完了]]></message>
                </reason>
                <output><![CDATA[=== Task版 詳細メモリ分析 ===
[Task版 メモリ計測結果]
  総アロケーション: 0 B
  平均/回: 0.00 bytes
  ピークメモリ: 978.71 MB
  GC回数: Gen0=0, Gen1=0, Gen2=0
  サンプル統計: 最小=0 B, 最大=0 B, 平均=0 B
]]></output>
              </test-case>
              <test-case id="1061" name="Memory_Detailed_UniTask_Analysis" fullname="Game.Editor.Tests.GameSceneServicePerformanceTests.Memory_Detailed_UniTask_Analysis" methodname="Memory_Detailed_UniTask_Analysis" classname="Game.Editor.Tests.GameSceneServicePerformanceTests" runstate="Runnable" seed="6896682" result="Passed" start-time="2026-01-27 04:01:10Z" end-time="2026-01-27 04:01:11Z" duration="1.585670" asserts="0">
                <properties>
                  <property name="retryIteration" value="0" />
                  <property name="repeatIteration" value="0" />
                </properties>
                <reason>
                  <message><![CDATA[UniTask版メモリ分析完了]]></message>
                </reason>
                <output><![CDATA[=== UniTask版 詳細メモリ分析 ===
[UniTask版 メモリ計測結果]
  総アロケーション: 28.00 KB
  平均/回: 2.87 bytes
  ピークメモリ: 978.73 MB
  GC回数: Gen0=0, Gen1=0, Gen2=0
  サンプル統計: 最小=0 B, 最大=28.00 KB, 平均=27.68 KB
]]></output>
              </test-case>
              <test-case id="1064" name="Memory_PerOperation_Breakdown" fullname="Game.Editor.Tests.GameSceneServicePerformanceTests.Memory_PerOperation_Breakdown" methodname="Memory_PerOperation_Breakdown" classname="Game.Editor.Tests.GameSceneServicePerformanceTests" runstate="Runnable" seed="1442982886" result="Passed" start-time="2026-01-27 04:01:11Z" end-time="2026-01-27 04:01:20Z" duration="8.827649" asserts="0">
                <properties>
                  <property name="retryIteration" value="0" />
                  <property name="repeatIteration" value="0" />
                </properties>
                <reason>
                  <message><![CDATA[操作別メモリ分析完了]]></message>
                </reason>
                <output><![CDATA[=== 操作別メモリアロケーション内訳 ===

[Task版]
  TransitionAsync: 4.00 KB (4 bytes/回)
  TerminateLastAsync: 80.00 KB (81 bytes/回)
  TransitionAsync<TArg>: 0 B (0 bytes/回)

[UniTask版]
  TransitionAsync: 0 B (0 bytes/回)
  TerminateLastAsync: 20.00 KB (20 bytes/回)
  TransitionAsync<TArg>: 0 B (0 bytes/回)
]]></output>
              </test-case>
              <test-case id="1063" name="Memory_Timeline_Visualization" fullname="Game.Editor.Tests.GameSceneServicePerformanceTests.Memory_Timeline_Visualization" methodname="Memory_Timeline_Visualization" classname="Game.Editor.Tests.GameSceneServicePerformanceTests" runstate="Runnable" seed="270148935" result="Passed" start-time="2026-01-27 04:01:20Z" end-time="2026-01-27 04:01:23Z" duration="3.079394" asserts="0">
                <properties>
                  <property name="retryIteration" value="0" />
                  <property name="repeatIteration" value="0" />
                </properties>
                <reason>
                  <message><![CDATA[メモリタイムライン出力完了]]></message>
                </reason>
                <output><![CDATA[=== メモリ使用量タイムライン ===
(Unity Profilerで確認、またはConsoleログをCSVとして出力可能)

[Task版 メモリタイムライン]
メモリ推移グラフ (最大: 64.00 KB):
  [    0] ###----------------------------------------------- 4.00 KB
  [ 1000] ###----------------------------------------------- 4.00 KB
  [ 2000] ###----------------------------------------------- 4.00 KB
  [ 3000] ##############################################---- 60.00 KB
  [ 4000] ##############################################---- 60.00 KB
  [ 5000] ##############################################---- 60.00 KB
  [ 6000] ##############################################---- 60.00 KB
  [ 7000] ################################################## 64.00 KB
  [ 8000] ################################################## 64.00 KB
  [ 9000] ################################################## 64.00 KB

[UniTask版 メモリタイムライン]
メモリ推移グラフ (最大: 8.00 KB):
  [    0] -------------------------------------------------- 0 B
  [ 1000] #########################------------------------- 4.00 KB
  [ 2000] #########################------------------------- 4.00 KB
  [ 3000] #########################------------------------- 4.00 KB
  [ 4000] #########################------------------------- 4.00 KB
  [ 5000] #########################------------------------- 4.00 KB
  [ 6000] #########################------------------------- 4.00 KB
  [ 7000] ################################################## 8.00 KB
  [ 8000] ################################################## 8.00 KB
  [ 9000] ################################################## 8.00 KB

=== CSV形式データ ===
]]></output>
              </test-case>
              <test-case id="1056" name="Performance_Comparison_TransitionAsync" fullname="Game.Editor.Tests.GameSceneServicePerformanceTests.Performance_Comparison_TransitionAsync" methodname="Performance_Comparison_TransitionAsync" classname="Game.Editor.Tests.GameSceneServicePerformanceTests" runstate="Runnable" seed="908450346" result="Passed" start-time="2026-01-27 04:01:23Z" end-time="2026-01-27 04:01:26Z" duration="3.067810" asserts="0">
                <properties>
                  <property name="retryIteration" value="0" />
                  <property name="repeatIteration" value="0" />
                </properties>
                <reason>
                  <message><![CDATA[パフォーマンス比較完了。Unity Consoleのログを確認してください。]]></message>
                </reason>
                <output><![CDATA[=== TransitionAsync パフォーマンス比較 ===
イテレーション数: 10000回

[Task版]
  - CPU時間: 30.459 ms (0.003046 ms/回)
  - メモリ: 0 bytes (0 bytes/回)

[UniTask版]
  - CPU時間: 21.023 ms (0.002102 ms/回)
  - メモリ: 4,096 bytes (0 bytes/回)

[比較]
  - CPU改善率: 31.0% (1.45x 高速)
  - メモリ改善率: -Infinity% (0.00x 削減)
]]></output>
              </test-case>
              <test-case id="1057" name="Performance_Comparison_WithArg" fullname="Game.Editor.Tests.GameSceneServicePerformanceTests.Performance_Comparison_WithArg" methodname="Performance_Comparison_WithArg" classname="Game.Editor.Tests.GameSceneServicePerformanceTests" runstate="Runnable" seed="751318407" result="Passed" start-time="2026-01-27 04:01:26Z" end-time="2026-01-27 04:01:30Z" duration="3.115112" asserts="0">
                <properties>
                  <property name="retryIteration" value="0" />
                  <property name="repeatIteration" value="0" />
                </properties>
                <reason>
                  <message><![CDATA[パフォーマンス比較完了。Unity Consoleのログを確認してください。]]></message>
                </reason>
                <output><![CDATA[=== TransitionAsync<TScene, TArg> パフォーマンス比較 ===
イテレーション数: 10000回

[Task版]
  - CPU時間: 30.112 ms (0.003011 ms/回)
  - メモリ: 61,440 bytes (6 bytes/回)

[UniTask版]
  - CPU時間: 27.872 ms (0.002787 ms/回)
  - メモリ: 4,096 bytes (0 bytes/回)

[比較]
  - CPU改善率: 7.4%
  - メモリ改善率: 93.3%
]]></output>
              </test-case>
              <test-case id="1058" name="Profiler_Task_DetailedMarkers" fullname="Game.Editor.Tests.GameSceneServicePerformanceTests.Profiler_Task_DetailedMarkers" methodname="Profiler_Task_DetailedMarkers" classname="Game.Editor.Tests.GameSceneServicePerformanceTests" runstate="Runnable" seed="589896893" result="Passed" start-time="2026-01-27 04:01:30Z" end-time="2026-01-27 04:01:30Z" duration="0.206849" asserts="0">
                <properties>
                  <property name="retryIteration" value="0" />
                  <property name="repeatIteration" value="0" />
                </properties>
                <reason>
                  <message><![CDATA[Profilerマーカーテスト完了]]></message>
                </reason>
                <output><![CDATA[Unity Profilerで Task.* マーカーを確認してください
]]></output>
              </test-case>
              <test-case id="1059" name="Profiler_UniTask_DetailedMarkers" fullname="Game.Editor.Tests.GameSceneServicePerformanceTests.Profiler_UniTask_DetailedMarkers" methodname="Profiler_UniTask_DetailedMarkers" classname="Game.Editor.Tests.GameSceneServicePerformanceTests" runstate="Runnable" seed="889168179" result="Passed" start-time="2026-01-27 04:01:30Z" end-time="2026-01-27 04:01:30Z" duration="0.132781" asserts="0">
                <properties>
                  <property name="retryIteration" value="0" />
                  <property name="repeatIteration" value="0" />
                </properties>
                <reason>
                  <message><![CDATA[Profilerマーカーテスト完了]]></message>
                </reason>
                <output><![CDATA[Unity Profilerで UniTask.* マーカーを確認してください
]]></output>
              </test-case>
            </test-suite>
            <test-suite type="TestFixture" id="1065" name="GameSceneServiceTests" fullname="Game.Editor.Tests.GameSceneServiceTests" classname="Game.Editor.Tests.GameSceneServiceTests" runstate="Runnable" testcasecount="67" result="Passed" start-time="2026-01-27 04:01:30Z" end-time="2026-01-27 04:01:38Z" duration="8.213441" total="67" passed="67" failed="0" inconclusive="0" skipped="0" asserts="0">
              <properties />
              <test-case id="1070" name="IsProcessing_ChecksOnlyLastScene" fullname="Game.Editor.Tests.GameSceneServiceTests.IsProcessing_ChecksOnlyLastScene" methodname="IsProcessing_ChecksOnlyLastScene" classname="Game.Editor.Tests.GameSceneServiceTests" runstate="Runnable" seed="796144817" result="Passed" start-time="2026-01-27 04:01:30Z" end-time="2026-01-27 04:01:30Z" duration="0.076867" asserts="0">
                <properties>
                  <property name="retryIteration" value="0" />
                  <property name="repeatIteration" value="0" />
                </properties>
              </test-case>
              <test-case id="1069" name="IsProcessing_WithDifferentType_ReturnsFalse" fullname="Game.Editor.Tests.GameSceneServiceTests.IsProcessing_WithDifferentType_ReturnsFalse" methodname="IsProcessing_WithDifferentType_ReturnsFalse" classname="Game.Editor.Tests.GameSceneServiceTests" runstate="Runnable" seed="213208219" result="Passed" start-time="2026-01-27 04:01:30Z" end-time="2026-01-27 04:01:30Z" duration="0.000891" asserts="0">
                <properties>
                  <property name="retryIteration" value="0" />
                  <property name="repeatIteration" value="0" />
                </properties>
              </test-case>
              <test-case id="1067" name="IsProcessing_WithMatchingTypeAndProcessingState_ReturnsTrue" fullname="Game.Editor.Tests.GameSceneServiceTests.IsProcessing_WithMatchingTypeAndProcessingState_ReturnsTrue" methodname="IsProcessing_WithMatchingTypeAndProcessingState_ReturnsTrue" classname="Game.Editor.Tests.GameSceneServiceTests" runstate="Runnable" seed="1330738747" result="Passed" start-time="2026-01-27 04:01:30Z" end-time="2026-01-27 04:01:30Z" duration="0.000395" asserts="0">
                <properties>
                  <property name="retryIteration" value="0" />
                  <property name="repeatIteration" value="0" />
                </properties>
              </test-case>
              <test-case id="1068" name="IsProcessing_WithMatchingTypeButDifferentState_ReturnsFalse" fullname="Game.Editor.Tests.GameSceneServiceTests.IsProcessing_WithMatchingTypeButDifferentState_ReturnsFalse" methodname="IsProcessing_WithMatchingTypeButDifferentState_ReturnsFalse" classname="Game.Editor.Tests.GameSceneServiceTests" runstate="Runnable" seed="1281287211" result="Passed" start-time="2026-01-27 04:01:30Z" end-time="2026-01-27 04:01:30Z" duration="0.000264" asserts="0">
                <properties>
                  <property name="retryIteration" value="0" />
                  <property name="repeatIteration" value="0" />
                </properties>
              </test-case>
              <test-case id="1066" name="IsProcessing_WithNoScenes_ReturnsFalse" fullname="Game.Editor.Tests.GameSceneServiceTests.IsProcessing_WithNoScenes_ReturnsFalse" methodname="IsProcessing_WithNoScenes_ReturnsFalse" classname="Game.Editor.Tests.GameSceneServiceTests" runstate="Runnable" seed="1104192493" result="Passed" start-time="2026-01-27 04:01:30Z" end-time="2026-01-27 04:01:30Z" duration="0.000241" asserts="0">
                <properties>
                  <property name="retryIteration" value="0" />
                  <property name="repeatIteration" value="0" />
                </properties>
              </test-case>
              <test-case id="1100" name="MockGameDialogScene_CancelDialog" fullname="Game.Editor.Tests.GameSceneServiceTests.MockGameDialogScene_CancelDialog" methodname="MockGameDialogScene_CancelDialog" classname="Game.Editor.Tests.GameSceneServiceTests" runstate="Runnable" seed="74843498" result="Passed" start-time="2026-01-27 04:01:30Z" end-time="2026-01-27 04:01:30Z" duration="0.206937" asserts="0">
                <properties>
                  <property name="retryIteration" value="0" />
                  <property name="repeatIteration" value="0" />
                </properties>
              </test-case>
              <test-case id="1102" name="MockGameDialogScene_DialogWithArgAndResult" fullname="Game.Editor.Tests.GameSceneServiceTests.MockGameDialogScene_DialogWithArgAndResult" methodname="MockGameDialogScene_DialogWithArgAndResult" classname="Game.Editor.Tests.GameSceneServiceTests" runstate="Runnable" seed="1623507234" result="Passed" start-time="2026-01-27 04:01:30Z" end-time="2026-01-27 04:01:30Z" duration="0.208141" asserts="0">
                <properties>
                  <property name="retryIteration" value="0" />
                  <property name="repeatIteration" value="0" />
                </properties>
              </test-case>
              <test-case id="1106" name="MockGameDialogScene_ExceptionInInitializer" fullname="Game.Editor.Tests.GameSceneServiceTests.MockGameDialogScene_ExceptionInInitializer" methodname="MockGameDialogScene_ExceptionInInitializer" classname="Game.Editor.Tests.GameSceneServiceTests" runstate="Runnable" seed="1790327437" result="Passed" start-time="2026-01-27 04:01:30Z" end-time="2026-01-27 04:01:30Z" duration="0.117757" asserts="0">
                <properties>
                  <property name="retryIteration" value="0" />
                  <property name="repeatIteration" value="0" />
                </properties>
              </test-case>
              <test-case id="1099" name="MockGameDialogScene_FullDialogLifecycle" fullname="Game.Editor.Tests.GameSceneServiceTests.MockGameDialogScene_FullDialogLifecycle" methodname="MockGameDialogScene_FullDialogLifecycle" classname="Game.Editor.Tests.GameSceneServiceTests" runstate="Runnable" seed="1917029933" result="Passed" start-time="2026-01-27 04:01:30Z" end-time="2026-01-27 04:01:31Z" duration="0.204899" asserts="0">
                <properties>
                  <property name="retryIteration" value="0" />
                  <property name="repeatIteration" value="0" />
                </properties>
              </test-case>
              <test-case id="1093" name="MockGameDialogScene_ImplementsRequiredInterfaces" fullname="Game.Editor.Tests.GameSceneServiceTests.MockGameDialogScene_ImplementsRequiredInterfaces" methodname="MockGameDialogScene_ImplementsRequiredInterfaces" classname="Game.Editor.Tests.GameSceneServiceTests" runstate="Runnable" seed="1133708619" result="Passed" start-time="2026-01-27 04:01:31Z" end-time="2026-01-27 04:01:31Z" duration="0.001045" asserts="0">
                <properties>
                  <property name="retryIteration" value="0" />
                  <property name="repeatIteration" value="0" />
                </properties>
              </test-case>
              <test-case id="1105" name="MockGameDialogScene_InitializerWithAsyncOperation" fullname="Game.Editor.Tests.GameSceneServiceTests.MockGameDialogScene_InitializerWithAsyncOperation" methodname="MockGameDialogScene_InitializerWithAsyncOperation" classname="Game.Editor.Tests.GameSceneServiceTests" runstate="Runnable" seed="1305699202" result="Passed" start-time="2026-01-27 04:01:31Z" end-time="2026-01-27 04:01:31Z" duration="0.318794" asserts="0">
                <properties>
                  <property name="retryIteration" value="0" />
                  <property name="repeatIteration" value="0" />
                </properties>
              </test-case>
              <test-case id="1094" name="MockGameDialogScene_LoadAsset_CreatesSceneComponent" fullname="Game.Editor.Tests.GameSceneServiceTests.MockGameDialogScene_LoadAsset_CreatesSceneComponent" methodname="MockGameDialogScene_LoadAsset_CreatesSceneComponent" classname="Game.Editor.Tests.GameSceneServiceTests" runstate="Runnable" seed="1244802705" result="Passed" start-time="2026-01-27 04:01:31Z" end-time="2026-01-27 04:01:31Z" duration="0.113718" asserts="0">
                <properties>
                  <property name="retryIteration" value="0" />
                  <property name="repeatIteration" value="0" />
                </properties>
              </test-case>
              <test-case id="1101" name="MockGameDialogScene_MultipleDialogs" fullname="Game.Editor.Tests.GameSceneServiceTests.MockGameDialogScene_MultipleDialogs" methodname="MockGameDialogScene_MultipleDialogs" classname="Game.Editor.Tests.GameSceneServiceTests" runstate="Runnable" seed="1893324361" result="Passed" start-time="2026-01-27 04:01:31Z" end-time="2026-01-27 04:01:31Z" duration="0.001033" asserts="0">
                <properties>
                  <property name="retryIteration" value="0" />
                  <property name="repeatIteration" value="0" />
                </properties>
              </test-case>
              <test-case id="1107" name="MockGameDialogScene_ResultWithException" fullname="Game.Editor.Tests.GameSceneServiceTests.MockGameDialogScene_ResultWithException" methodname="MockGameDialogScene_ResultWithException" classname="Game.Editor.Tests.GameSceneServiceTests" runstate="Runnable" seed="362682492" result="Passed" start-time="2026-01-27 04:01:31Z" end-time="2026-01-27 04:01:31Z" duration="0.001746" asserts="0">
                <properties>
                  <property name="retryIteration" value="0" />
                  <property name="repeatIteration" value="0" />
                </properties>
              </test-case>
              <test-case id="1104" name="MockGameDialogScene_SceneComponent_SetInteractive" fullname="Game.Editor.Tests.GameSceneServiceTests.MockGameDialogScene_SceneComponent_SetInteractive" methodname="MockGameDialogScene_SceneComponent_SetInteractive" classname="Game.Editor.Tests.GameSceneServiceTests" runstate="Runnable" seed="80947571" result="Passed" start-time="2026-01-27 04:01:31Z" end-time="2026-01-27 04:01:31Z" duration="0.000336" asserts="0">
                <properties>
                  <property name="retryIteration" value="0" />
                  <property name="repeatIteration" value="0" />
                </properties>
              </test-case>
              <test-case id="1103" name="MockGameDialogScene_SceneComponent_SleepAndRestart" fullname="Game.Editor.Tests.GameSceneServiceTests.MockGameDialogScene_SceneComponent_SleepAndRestart" methodname="MockGameDialogScene_SceneComponent_SleepAndRestart" classname="Game.Editor.Tests.GameSceneServiceTests" runstate="Runnable" seed="491117228" result="Passed" start-time="2026-01-27 04:01:31Z" end-time="2026-01-27 04:01:31Z" duration="0.000599" asserts="0">
                <properties>
                  <property name="retryIteration" value="0" />
                  <property name="repeatIteration" value="0" />
                </properties>
              </test-case>
              <test-case id="1095" name="MockGameDialogScene_Startup_InvokesDialogInitializer" fullname="Game.Editor.Tests.GameSceneServiceTests.MockGameDialogScene_Startup_InvokesDialogInitializer" methodname="MockGameDialogScene_Startup_InvokesDialogInitializer" classname="Game.Editor.Tests.GameSceneServiceTests" runstate="Runnable" seed="723196354" result="Passed" start-time="2026-01-27 04:01:31Z" end-time="2026-01-27 04:01:31Z" duration="0.204992" asserts="0">
                <properties>
                  <property name="retryIteration" value="0" />
                  <property name="repeatIteration" value="0" />
                </properties>
              </test-case>
              <test-case id="1096" name="MockGameDialogScene_Startup_WithoutInitializer_DoesNotThrow" fullname="Game.Editor.Tests.GameSceneServiceTests.MockGameDialogScene_Startup_WithoutInitializer_DoesNotThrow" methodname="MockGameDialogScene_Startup_WithoutInitializer_DoesNotThrow" classname="Game.Editor.Tests.GameSceneServiceTests" runstate="Runnable" seed="1089779477" result="Passed" start-time="2026-01-27 04:01:31Z" end-time="2026-01-27 04:01:31Z" duration="0.115944" asserts="0">
                <properties>
                  <property name="retryIteration" value="0" />
                  <property name="repeatIteration" value="0" />
                </properties>
              </test-case>
              <test-case id="1097" name="MockGameDialogScene_Terminate_SetsCanceled" fullname="Game.Editor.Tests.GameSceneServiceTests.MockGameDialogScene_Terminate_SetsCanceled" methodname="MockGameDialogScene_Terminate_SetsCanceled" classname="Game.Editor.Tests.GameSceneServiceTests" runstate="Runnable" seed="1394064274" result="Passed" start-time="2026-01-27 04:01:31Z" end-time="2026-01-27 04:01:32Z" duration="0.206785" asserts="0">
                <properties>
                  <property name="retryIteration" value="0" />
                  <property name="repeatIteration" value="0" />
                </properties>
              </test-case>
              <test-case id="1098" name="MockGameDialogScene_Terminate_UnloadsScene" fullname="Game.Editor.Tests.GameSceneServiceTests.MockGameDialogScene_Terminate_UnloadsScene" methodname="MockGameDialogScene_Terminate_UnloadsScene" classname="Game.Editor.Tests.GameSceneServiceTests" runstate="Runnable" seed="871516134" result="Passed" start-time="2026-01-27 04:01:32Z" end-time="2026-01-27 04:01:32Z" duration="0.115555" asserts="0">
                <properties>
                  <property name="retryIteration" value="0" />
                  <property name="repeatIteration" value="0" />
                </properties>
              </test-case>
              <test-case id="1084" name="MockGameSceneWithArgAndResult_CanAwaitResult" fullname="Game.Editor.Tests.GameSceneServiceTests.MockGameSceneWithArgAndResult_CanAwaitResult" methodname="MockGameSceneWithArgAndResult_CanAwaitResult" classname="Game.Editor.Tests.GameSceneServiceTests" runstate="Runnable" seed="599997858" result="Passed" start-time="2026-01-27 04:01:32Z" end-time="2026-01-27 04:01:32Z" duration="0.206913" asserts="0">
                <properties>
                  <property name="retryIteration" value="0" />
                  <property name="repeatIteration" value="0" />
                </properties>
              </test-case>
              <test-case id="1082" name="MockGameSceneWithArgAndResult_CanReceiveArg" fullname="Game.Editor.Tests.GameSceneServiceTests.MockGameSceneWithArgAndResult_CanReceiveArg" methodname="MockGameSceneWithArgAndResult_CanReceiveArg" classname="Game.Editor.Tests.GameSceneServiceTests" runstate="Runnable" seed="1944958819" result="Passed" start-time="2026-01-27 04:01:32Z" end-time="2026-01-27 04:01:32Z" duration="0.112542" asserts="0">
                <properties>
                  <property name="retryIteration" value="0" />
                  <property name="repeatIteration" value="0" />
                </properties>
              </test-case>
              <test-case id="1085" name="MockGameSceneWithArgAndResult_CanSetCanceled" fullname="Game.Editor.Tests.GameSceneServiceTests.MockGameSceneWithArgAndResult_CanSetCanceled" methodname="MockGameSceneWithArgAndResult_CanSetCanceled" classname="Game.Editor.Tests.GameSceneServiceTests" runstate="Runnable" seed="1660253278" result="Passed" start-time="2026-01-27 04:01:32Z" end-time="2026-01-27 04:01:32Z" duration="0.000508" asserts="0">
                <properties>
                  <property name="retryIteration" value="0" />
                  <property name="repeatIteration" value="0" />
                </properties>
              </test-case>
              <test-case id="1086" name="MockGameSceneWithArgAndResult_CanSetException" fullname="Game.Editor.Tests.GameSceneServiceTests.MockGameSceneWithArgAndResult_CanSetException" methodname="MockGameSceneWithArgAndResult_CanSetException" classname="Game.Editor.Tests.GameSceneServiceTests" runstate="Runnable" seed="1183794" result="Passed" start-time="2026-01-27 04:01:32Z" end-time="2026-01-27 04:01:32Z" duration="0.000294" asserts="0">
                <properties>
                  <property name="retryIteration" value="0" />
                  <property name="repeatIteration" value="0" />
                </properties>
              </test-case>
              <test-case id="1083" name="MockGameSceneWithArgAndResult_CanSetResult" fullname="Game.Editor.Tests.GameSceneServiceTests.MockGameSceneWithArgAndResult_CanSetResult" methodname="MockGameSceneWithArgAndResult_CanSetResult" classname="Game.Editor.Tests.GameSceneServiceTests" runstate="Runnable" seed="1999501054" result="Passed" start-time="2026-01-27 04:01:32Z" end-time="2026-01-27 04:01:32Z" duration="0.000252" asserts="0">
                <properties>
                  <property name="retryIteration" value="0" />
                  <property name="repeatIteration" value="0" />
                </properties>
              </test-case>
              <test-case id="1091" name="MockGameSceneWithArgAndResult_ComplexArgType" fullname="Game.Editor.Tests.GameSceneServiceTests.MockGameSceneWithArgAndResult_ComplexArgType" methodname="MockGameSceneWithArgAndResult_ComplexArgType" classname="Game.Editor.Tests.GameSceneServiceTests" runstate="Runnable" seed="178284946" result="Passed" start-time="2026-01-27 04:01:32Z" end-time="2026-01-27 04:01:32Z" duration="0.204206" asserts="0">
                <properties>
                  <property name="retryIteration" value="0" />
                  <property name="repeatIteration" value="0" />
                </properties>
              </test-case>
              <test-case id="1092" name="MockGameSceneWithArgAndResult_ComplexResultType" fullname="Game.Editor.Tests.GameSceneServiceTests.MockGameSceneWithArgAndResult_ComplexResultType" methodname="MockGameSceneWithArgAndResult_ComplexResultType" classname="Game.Editor.Tests.GameSceneServiceTests" runstate="Runnable" seed="131917796" result="Passed" start-time="2026-01-27 04:01:32Z" end-time="2026-01-27 04:01:32Z" duration="0.114619" asserts="0">
                <properties>
                  <property name="retryIteration" value="0" />
                  <property name="repeatIteration" value="0" />
                </properties>
              </test-case>
              <test-case id="1087" name="MockGameSceneWithArgAndResult_FullLifecycle" fullname="Game.Editor.Tests.GameSceneServiceTests.MockGameSceneWithArgAndResult_FullLifecycle" methodname="MockGameSceneWithArgAndResult_FullLifecycle" classname="Game.Editor.Tests.GameSceneServiceTests" runstate="Runnable" seed="1001901856" result="Passed" start-time="2026-01-27 04:01:32Z" end-time="2026-01-27 04:01:33Z" duration="0.205750" asserts="0">
                <properties>
                  <property name="retryIteration" value="0" />
                  <property name="repeatIteration" value="0" />
                </properties>
              </test-case>
              <test-case id="1081" name="MockGameSceneWithArgAndResult_ImplementsBothInterfaces" fullname="Game.Editor.Tests.GameSceneServiceTests.MockGameSceneWithArgAndResult_ImplementsBothInterfaces" methodname="MockGameSceneWithArgAndResult_ImplementsBothInterfaces" classname="Game.Editor.Tests.GameSceneServiceTests" runstate="Runnable" seed="1838035133" result="Passed" start-time="2026-01-27 04:01:33Z" end-time="2026-01-27 04:01:33Z" duration="0.000642" asserts="0">
                <properties>
                  <property name="retryIteration" value="0" />
                  <property name="repeatIteration" value="0" />
                </properties>
              </test-case>
              <test-case id="1090" name="MockGameSceneWithArgAndResult_IsDialogScene" fullname="Game.Editor.Tests.GameSceneServiceTests.MockGameSceneWithArgAndResult_IsDialogScene" methodname="MockGameSceneWithArgAndResult_IsDialogScene" classname="Game.Editor.Tests.GameSceneServiceTests" runstate="Runnable" seed="706666666" result="Passed" start-time="2026-01-27 04:01:33Z" end-time="2026-01-27 04:01:33Z" duration="0.000263" asserts="0">
                <properties>
                  <property name="retryIteration" value="0" />
                  <property name="repeatIteration" value="0" />
                </properties>
              </test-case>
              <test-case id="1088" name="MockGameSceneWithArgAndResult_SleepAndRestart" fullname="Game.Editor.Tests.GameSceneServiceTests.MockGameSceneWithArgAndResult_SleepAndRestart" methodname="MockGameSceneWithArgAndResult_SleepAndRestart" classname="Game.Editor.Tests.GameSceneServiceTests" runstate="Runnable" seed="1310796553" result="Passed" start-time="2026-01-27 04:01:33Z" end-time="2026-01-27 04:01:33Z" duration="0.114007" asserts="0">
                <properties>
                  <property name="retryIteration" value="0" />
                  <property name="repeatIteration" value="0" />
                </properties>
              </test-case>
              <test-case id="1089" name="MockGameSceneWithArgAndResult_Terminate" fullname="Game.Editor.Tests.GameSceneServiceTests.MockGameSceneWithArgAndResult_Terminate" methodname="MockGameSceneWithArgAndResult_Terminate" classname="Game.Editor.Tests.GameSceneServiceTests" runstate="Runnable" seed="313638680" result="Passed" start-time="2026-01-27 04:01:33Z" end-time="2026-01-27 04:01:33Z" duration="0.205097" asserts="0">
                <properties>
                  <property name="retryIteration" value="0" />
                  <property name="repeatIteration" value="0" />
                </properties>
              </test-case>
              <test-case id="1132" name="OperationAsync_ClosesAllDialogsBeforeOperation" fullname="Game.Editor.Tests.GameSceneServiceTests.OperationAsync_ClosesAllDialogsBeforeOperation" methodname="OperationAsync_ClosesAllDialogsBeforeOperation" classname="Game.Editor.Tests.GameSceneServiceTests" runstate="Runnable" seed="543124735" result="Passed" start-time="2026-01-27 04:01:33Z" end-time="2026-01-27 04:01:33Z" duration="0.113427" asserts="0">
                <properties>
                  <property name="retryIteration" value="0" />
                  <property name="repeatIteration" value="0" />
                </properties>
              </test-case>
              <test-case id="1128" name="OperationAsync_WithNoOperation_DoesNothing" fullname="Game.Editor.Tests.GameSceneServiceTests.OperationAsync_WithNoOperation_DoesNothing" methodname="OperationAsync_WithNoOperation_DoesNothing" classname="Game.Editor.Tests.GameSceneServiceTests" runstate="Runnable" seed="1668920988" result="Passed" start-time="2026-01-27 04:01:33Z" end-time="2026-01-27 04:01:33Z" duration="0.204462" asserts="0">
                <properties>
                  <property name="retryIteration" value="0" />
                  <property name="repeatIteration" value="0" />
                </properties>
              </test-case>
              <test-case id="1130" name="OperationAsync_WithRestart_RestartsCurrentScene" fullname="Game.Editor.Tests.GameSceneServiceTests.OperationAsync_WithRestart_RestartsCurrentScene" methodname="OperationAsync_WithRestart_RestartsCurrentScene" classname="Game.Editor.Tests.GameSceneServiceTests" runstate="Runnable" seed="146245522" result="Passed" start-time="2026-01-27 04:01:33Z" end-time="2026-01-27 04:01:33Z" duration="0.113276" asserts="0">
                <properties>
                  <property name="retryIteration" value="0" />
                  <property name="repeatIteration" value="0" />
                </properties>
              </test-case>
              <test-case id="1129" name="OperationAsync_WithSleep_SleepsCurrentScene" fullname="Game.Editor.Tests.GameSceneServiceTests.OperationAsync_WithSleep_SleepsCurrentScene" methodname="OperationAsync_WithSleep_SleepsCurrentScene" classname="Game.Editor.Tests.GameSceneServiceTests" runstate="Runnable" seed="1527915668" result="Passed" start-time="2026-01-27 04:01:33Z" end-time="2026-01-27 04:01:34Z" duration="0.204895" asserts="0">
                <properties>
                  <property name="retryIteration" value="0" />
                  <property name="repeatIteration" value="0" />
                </properties>
              </test-case>
              <test-case id="1131" name="OperationAsync_WithTerminate_TerminatesCurrentScene" fullname="Game.Editor.Tests.GameSceneServiceTests.OperationAsync_WithTerminate_TerminatesCurrentScene" methodname="OperationAsync_WithTerminate_TerminatesCurrentScene" classname="Game.Editor.Tests.GameSceneServiceTests" runstate="Runnable" seed="244867320" result="Passed" start-time="2026-01-27 04:01:34Z" end-time="2026-01-27 04:01:34Z" duration="0.112349" asserts="0">
                <properties>
                  <property name="retryIteration" value="0" />
                  <property name="repeatIteration" value="0" />
                </properties>
              </test-case>
              <test-case id="1078" name="SceneState_InitialState_IsNone" fullname="Game.Editor.Tests.GameSceneServiceTests.SceneState_InitialState_IsNone" methodname="SceneState_InitialState_IsNone" classname="Game.Editor.Tests.GameSceneServiceTests" runstate="Runnable" seed="285205017" result="Passed" start-time="2026-01-27 04:01:34Z" end-time="2026-01-27 04:01:34Z" duration="0.000493" asserts="0">
                <properties>
                  <property name="retryIteration" value="0" />
                  <property name="repeatIteration" value="0" />
                </properties>
              </test-case>
              <test-case id="1072" name="TerminateAsync_WithClearHistory_RemovesFromList" fullname="Game.Editor.Tests.GameSceneServiceTests.TerminateAsync_WithClearHistory_RemovesFromList" methodname="TerminateAsync_WithClearHistory_RemovesFromList" classname="Game.Editor.Tests.GameSceneServiceTests" runstate="Runnable" seed="623094139" result="Passed" start-time="2026-01-27 04:01:34Z" end-time="2026-01-27 04:01:34Z" duration="0.205998" asserts="0">
                <properties>
                  <property name="retryIteration" value="0" />
                  <property name="repeatIteration" value="0" />
                </properties>
              </test-case>
              <test-case id="1071" name="TerminateAsync_WithMatchingType_TerminatesScene" fullname="Game.Editor.Tests.GameSceneServiceTests.TerminateAsync_WithMatchingType_TerminatesScene" methodname="TerminateAsync_WithMatchingType_TerminatesScene" classname="Game.Editor.Tests.GameSceneServiceTests" runstate="Runnable" seed="118309725" result="Passed" start-time="2026-01-27 04:01:34Z" end-time="2026-01-27 04:01:34Z" duration="0.113946" asserts="0">
                <properties>
                  <property name="retryIteration" value="0" />
                  <property name="repeatIteration" value="0" />
                </properties>
              </test-case>
              <test-case id="1080" name="TerminateAsync_WithMultipleSameType_TerminatesLast" fullname="Game.Editor.Tests.GameSceneServiceTests.TerminateAsync_WithMultipleSameType_TerminatesLast" methodname="TerminateAsync_WithMultipleSameType_TerminatesLast" classname="Game.Editor.Tests.GameSceneServiceTests" runstate="Runnable" seed="971952016" result="Passed" start-time="2026-01-27 04:01:34Z" end-time="2026-01-27 04:01:34Z" duration="0.205752" asserts="0">
                <properties>
                  <property name="retryIteration" value="0" />
                  <property name="repeatIteration" value="0" />
                </properties>
              </test-case>
              <test-case id="1074" name="TerminateAsync_WithNonMatchingType_DoesNothing" fullname="Game.Editor.Tests.GameSceneServiceTests.TerminateAsync_WithNonMatchingType_DoesNothing" methodname="TerminateAsync_WithNonMatchingType_DoesNothing" classname="Game.Editor.Tests.GameSceneServiceTests" runstate="Runnable" seed="93401252" result="Passed" start-time="2026-01-27 04:01:34Z" end-time="2026-01-27 04:01:34Z" duration="0.116998" asserts="0">
                <properties>
                  <property name="retryIteration" value="0" />
                  <property name="repeatIteration" value="0" />
                </properties>
              </test-case>
              <test-case id="1073" name="TerminateAsync_WithoutClearHistory_KeepsInList" fullname="Game.Editor.Tests.GameSceneServiceTests.TerminateAsync_WithoutClearHistory_KeepsInList" methodname="TerminateAsync_WithoutClearHistory_KeepsInList" classname="Game.Editor.Tests.GameSceneServiceTests" runstate="Runnable" seed="722975767" result="Passed" start-time="2026-01-27 04:01:34Z" end-time="2026-01-27 04:01:35Z" duration="0.206152" asserts="0">
                <properties>
                  <property name="retryIteration" value="0" />
                  <property name="repeatIteration" value="0" />
                </properties>
              </test-case>
              <test-case id="1079" name="TerminateCore_SetsStateToTerminate" fullname="Game.Editor.Tests.GameSceneServiceTests.TerminateCore_SetsStateToTerminate" methodname="TerminateCore_SetsStateToTerminate" classname="Game.Editor.Tests.GameSceneServiceTests" runstate="Runnable" seed="2136790105" result="Passed" start-time="2026-01-27 04:01:35Z" end-time="2026-01-27 04:01:35Z" duration="0.112936" asserts="0">
                <properties>
                  <property name="retryIteration" value="0" />
                  <property name="repeatIteration" value="0" />
                </properties>
              </test-case>
              <test-case id="1076" name="TerminateLastAsync_WithClearHistory_RemovesLastFromList" fullname="Game.Editor.Tests.GameSceneServiceTests.TerminateLastAsync_WithClearHistory_RemovesLastFromList" methodname="TerminateLastAsync_WithClearHistory_RemovesLastFromList" classname="Game.Editor.Tests.GameSceneServiceTests" runstate="Runnable" seed="517281069" result="Passed" start-time="2026-01-27 04:01:35Z" end-time="2026-01-27 04:01:35Z" duration="0.203858" asserts="0">
                <properties>
                  <property name="retryIteration" value="0" />
                  <property name="repeatIteration" value="0" />
                </properties>
              </test-case>
              <test-case id="1077" name="TerminateLastAsync_WithNoScenes_DoesNotThrow" fullname="Game.Editor.Tests.GameSceneServiceTests.TerminateLastAsync_WithNoScenes_DoesNotThrow" methodname="TerminateLastAsync_WithNoScenes_DoesNotThrow" classname="Game.Editor.Tests.GameSceneServiceTests" runstate="Runnable" seed="1573614127" result="Passed" start-time="2026-01-27 04:01:35Z" end-time="2026-01-27 04:01:35Z" duration="0.001211" asserts="0">
                <properties>
                  <property name="retryIteration" value="0" />
                  <property name="repeatIteration" value="0" />
                </properties>
              </test-case>
              <test-case id="1075" name="TerminateLastAsync_WithScenes_TerminatesLastScene" fullname="Game.Editor.Tests.GameSceneServiceTests.TerminateLastAsync_WithScenes_TerminatesLastScene" methodname="TerminateLastAsync_WithScenes_TerminatesLastScene" classname="Game.Editor.Tests.GameSceneServiceTests" runstate="Runnable" seed="147262118" result="Passed" start-time="2026-01-27 04:01:35Z" end-time="2026-01-27 04:01:35Z" duration="0.114963" asserts="0">
                <properties>
                  <property name="retryIteration" value="0" />
                  <property name="repeatIteration" value="0" />
                </properties>
              </test-case>
              <test-case id="1108" name="TransitionCore_AddsSceneToList" fullname="Game.Editor.Tests.GameSceneServiceTests.TransitionCore_AddsSceneToList" methodname="TransitionCore_AddsSceneToList" classname="Game.Editor.Tests.GameSceneServiceTests" runstate="Runnable" seed="1150279892" result="Passed" start-time="2026-01-27 04:01:35Z" end-time="2026-01-27 04:01:35Z" duration="0.203680" asserts="0">
                <properties>
                  <property name="retryIteration" value="0" />
                  <property name="repeatIteration" value="0" />
                </properties>
              </test-case>
              <test-case id="1110" name="TransitionCore_ExecutesFullLifecycle" fullname="Game.Editor.Tests.GameSceneServiceTests.TransitionCore_ExecutesFullLifecycle" methodname="TransitionCore_ExecutesFullLifecycle" classname="Game.Editor.Tests.GameSceneServiceTests" runstate="Runnable" seed="2100920696" result="Passed" start-time="2026-01-27 04:01:35Z" end-time="2026-01-27 04:01:35Z" duration="0.113661" asserts="0">
                <properties>
                  <property name="retryIteration" value="0" />
                  <property name="repeatIteration" value="0" />
                </properties>
              </test-case>
              <test-case id="1115" name="TransitionCore_MultipleTransitions_AddsAllScenes" fullname="Game.Editor.Tests.GameSceneServiceTests.TransitionCore_MultipleTransitions_AddsAllScenes" methodname="TransitionCore_MultipleTransitions_AddsAllScenes" classname="Game.Editor.Tests.GameSceneServiceTests" runstate="Runnable" seed="1031119673" result="Passed" start-time="2026-01-27 04:01:35Z" end-time="2026-01-27 04:01:36Z" duration="0.204684" asserts="0">
                <properties>
                  <property name="retryIteration" value="0" />
                  <property name="repeatIteration" value="0" />
                </properties>
              </test-case>
              <test-case id="1109" name="TransitionCore_SetsSceneStateToProcessing" fullname="Game.Editor.Tests.GameSceneServiceTests.TransitionCore_SetsSceneStateToProcessing" methodname="TransitionCore_SetsSceneStateToProcessing" classname="Game.Editor.Tests.GameSceneServiceTests" runstate="Runnable" seed="712227725" result="Passed" start-time="2026-01-27 04:01:36Z" end-time="2026-01-27 04:01:36Z" duration="0.114378" asserts="0">
                <properties>
                  <property name="retryIteration" value="0" />
                  <property name="repeatIteration" value="0" />
                </properties>
              </test-case>
              <test-case id="1123" name="TransitionDialogAsync_AddsDialogToList" fullname="Game.Editor.Tests.GameSceneServiceTests.TransitionDialogAsync_AddsDialogToList" methodname="TransitionDialogAsync_AddsDialogToList" classname="Game.Editor.Tests.GameSceneServiceTests" runstate="Runnable" seed="74473760" result="Passed" start-time="2026-01-27 04:01:36Z" end-time="2026-01-27 04:01:36Z" duration="0.206712" asserts="0">
                <properties>
                  <property name="retryIteration" value="0" />
                  <property name="repeatIteration" value="0" />
                </properties>
              </test-case>
              <test-case id="1127" name="TransitionDialogAsync_DialogCanceled_ReturnsDefault" fullname="Game.Editor.Tests.GameSceneServiceTests.TransitionDialogAsync_DialogCanceled_ReturnsDefault" methodname="TransitionDialogAsync_DialogCanceled_ReturnsDefault" classname="Game.Editor.Tests.GameSceneServiceTests" runstate="Runnable" seed="100896994" result="Passed" start-time="2026-01-27 04:01:36Z" end-time="2026-01-27 04:01:36Z" duration="0.119098" asserts="0">
                <properties>
                  <property name="retryIteration" value="0" />
                  <property name="repeatIteration" value="0" />
                </properties>
              </test-case>
              <test-case id="1126" name="TransitionDialogAsync_MultipleDialogs_CanStackDialogs" fullname="Game.Editor.Tests.GameSceneServiceTests.TransitionDialogAsync_MultipleDialogs_CanStackDialogs" methodname="TransitionDialogAsync_MultipleDialogs_CanStackDialogs" classname="Game.Editor.Tests.GameSceneServiceTests" runstate="Runnable" seed="1941262541" result="Passed" start-time="2026-01-27 04:01:36Z" end-time="2026-01-27 04:01:36Z" duration="0.000758" asserts="0">
                <properties>
                  <property name="retryIteration" value="0" />
                  <property name="repeatIteration" value="0" />
                </properties>
              </test-case>
              <test-case id="1125" name="TransitionDialogAsync_WhenSameDialogIsProcessing_TerminatesExisting" fullname="Game.Editor.Tests.GameSceneServiceTests.TransitionDialogAsync_WhenSameDialogIsProcessing_TerminatesExisting" methodname="TransitionDialogAsync_WhenSameDialogIsProcessing_TerminatesExisting" classname="Game.Editor.Tests.GameSceneServiceTests" runstate="Runnable" seed="252397533" result="Passed" start-time="2026-01-27 04:01:36Z" end-time="2026-01-27 04:01:36Z" duration="0.206735" asserts="0">
                <properties>
                  <property name="retryIteration" value="0" />
                  <property name="repeatIteration" value="0" />
                </properties>
              </test-case>
              <test-case id="1124" name="TransitionDialogAsync_WithInitializer_InvokesInitializer" fullname="Game.Editor.Tests.GameSceneServiceTests.TransitionDialogAsync_WithInitializer_InvokesInitializer" methodname="TransitionDialogAsync_WithInitializer_InvokesInitializer" classname="Game.Editor.Tests.GameSceneServiceTests" runstate="Runnable" seed="1987540494" result="Passed" start-time="2026-01-27 04:01:36Z" end-time="2026-01-27 04:01:36Z" duration="0.113846" asserts="0">
                <properties>
                  <property name="retryIteration" value="0" />
                  <property name="repeatIteration" value="0" />
                </properties>
              </test-case>
              <test-case id="1122" name="TransitionPrevAsync_WithProcessingPreviousScene_TerminatesCurrentOnly" fullname="Game.Editor.Tests.GameSceneServiceTests.TransitionPrevAsync_WithProcessingPreviousScene_TerminatesCurrentOnly" methodname="TransitionPrevAsync_WithProcessingPreviousScene_TerminatesCurrentOnly" classname="Game.Editor.Tests.GameSceneServiceTests" runstate="Runnable" seed="369683695" result="Passed" start-time="2026-01-27 04:01:36Z" end-time="2026-01-27 04:01:36Z" duration="0.205897" asserts="0">
                <properties>
                  <property name="retryIteration" value="0" />
                  <property name="repeatIteration" value="0" />
                </properties>
              </test-case>
              <test-case id="1120" name="TransitionPrevAsync_WithSleepingPreviousScene_RestartsPreviousScene" fullname="Game.Editor.Tests.GameSceneServiceTests.TransitionPrevAsync_WithSleepingPreviousScene_RestartsPreviousScene" methodname="TransitionPrevAsync_WithSleepingPreviousScene_RestartsPreviousScene" classname="Game.Editor.Tests.GameSceneServiceTests" runstate="Runnable" seed="1939229809" result="Passed" start-time="2026-01-27 04:01:36Z" end-time="2026-01-27 04:01:37Z" duration="0.113230" asserts="0">
                <properties>
                  <property name="retryIteration" value="0" />
                  <property name="repeatIteration" value="0" />
                </properties>
              </test-case>
              <test-case id="1121" name="TransitionPrevAsync_WithTerminatedPreviousScene_TransitionsToPrevious" fullname="Game.Editor.Tests.GameSceneServiceTests.TransitionPrevAsync_WithTerminatedPreviousScene_TransitionsToPrevious" methodname="TransitionPrevAsync_WithTerminatedPreviousScene_TransitionsToPrevious" classname="Game.Editor.Tests.GameSceneServiceTests" runstate="Runnable" seed="893456319" result="Passed" start-time="2026-01-27 04:01:37Z" end-time="2026-01-27 04:01:37Z" duration="0.205626" asserts="0">
                <properties>
                  <property name="retryIteration" value="0" />
                  <property name="repeatIteration" value="0" />
                </properties>
              </test-case>
              <test-case id="1112" name="TransitionWithArg_InvokesArgHandler" fullname="Game.Editor.Tests.GameSceneServiceTests.TransitionWithArg_InvokesArgHandler" methodname="TransitionWithArg_InvokesArgHandler" classname="Game.Editor.Tests.GameSceneServiceTests" runstate="Runnable" seed="1388711669" result="Passed" start-time="2026-01-27 04:01:37Z" end-time="2026-01-27 04:01:37Z" duration="0.114350" asserts="0">
                <properties>
                  <property name="retryIteration" value="0" />
                  <property name="repeatIteration" value="0" />
                </properties>
              </test-case>
              <test-case id="1111" name="TransitionWithArg_PassesArgumentToScene" fullname="Game.Editor.Tests.GameSceneServiceTests.TransitionWithArg_PassesArgumentToScene" methodname="TransitionWithArg_PassesArgumentToScene" classname="Game.Editor.Tests.GameSceneServiceTests" runstate="Runnable" seed="911073890" result="Passed" start-time="2026-01-27 04:01:37Z" end-time="2026-01-27 04:01:37Z" duration="0.204986" asserts="0">
                <properties>
                  <property name="retryIteration" value="0" />
                  <property name="repeatIteration" value="0" />
                </properties>
              </test-case>
              <test-case id="1114" name="TransitionWithArgAndResult_WorksCorrectly" fullname="Game.Editor.Tests.GameSceneServiceTests.TransitionWithArgAndResult_WorksCorrectly" methodname="TransitionWithArgAndResult_WorksCorrectly" classname="Game.Editor.Tests.GameSceneServiceTests" runstate="Runnable" seed="2024469155" result="Passed" start-time="2026-01-27 04:01:37Z" end-time="2026-01-27 04:01:37Z" duration="0.115554" asserts="0">
                <properties>
                  <property name="retryIteration" value="0" />
                  <property name="repeatIteration" value="0" />
                </properties>
              </test-case>
              <test-case id="1118" name="TransitionWithClearHistoryOperation_RemovesPreviousScene" fullname="Game.Editor.Tests.GameSceneServiceTests.TransitionWithClearHistoryOperation_RemovesPreviousScene" methodname="TransitionWithClearHistoryOperation_RemovesPreviousScene" classname="Game.Editor.Tests.GameSceneServiceTests" runstate="Runnable" seed="942753768" result="Passed" start-time="2026-01-27 04:01:37Z" end-time="2026-01-27 04:01:37Z" duration="0.206611" asserts="0">
                <properties>
                  <property name="retryIteration" value="0" />
                  <property name="repeatIteration" value="0" />
                </properties>
              </test-case>
              <test-case id="1119" name="TransitionWithResult_Canceled_ReturnsDefault" fullname="Game.Editor.Tests.GameSceneServiceTests.TransitionWithResult_Canceled_ReturnsDefault" methodname="TransitionWithResult_Canceled_ReturnsDefault" classname="Game.Editor.Tests.GameSceneServiceTests" runstate="Runnable" seed="654578046" result="Passed" start-time="2026-01-27 04:01:37Z" end-time="2026-01-27 04:01:38Z" duration="0.115068" asserts="0">
                <properties>
                  <property name="retryIteration" value="0" />
                  <property name="repeatIteration" value="0" />
                </properties>
              </test-case>
              <test-case id="1113" name="TransitionWithResult_CreatesResultTcs" fullname="Game.Editor.Tests.GameSceneServiceTests.TransitionWithResult_CreatesResultTcs" methodname="TransitionWithResult_CreatesResultTcs" classname="Game.Editor.Tests.GameSceneServiceTests" runstate="Runnable" seed="624501583" result="Passed" start-time="2026-01-27 04:01:38Z" end-time="2026-01-27 04:01:38Z" duration="0.206622" asserts="0">
                <properties>
                  <property name="retryIteration" value="0" />
                  <property name="repeatIteration" value="0" />
                </properties>
              </test-case>
              <test-case id="1117" name="TransitionWithSleepOperation_SleepsPreviousScene" fullname="Game.Editor.Tests.GameSceneServiceTests.TransitionWithSleepOperation_SleepsPreviousScene" methodname="TransitionWithSleepOperation_SleepsPreviousScene" classname="Game.Editor.Tests.GameSceneServiceTests" runstate="Runnable" seed="1991595254" result="Passed" start-time="2026-01-27 04:01:38Z" end-time="2026-01-27 04:01:38Z" duration="0.115406" asserts="0">
                <properties>
                  <property name="retryIteration" value="0" />
                  <property name="repeatIteration" value="0" />
                </properties>
              </test-case>
              <test-case id="1116" name="TransitionWithTerminateOperation_TerminatesPreviousScene" fullname="Game.Editor.Tests.GameSceneServiceTests.TransitionWithTerminateOperation_TerminatesPreviousScene" methodname="TransitionWithTerminateOperation_TerminatesPreviousScene" classname="Game.Editor.Tests.GameSceneServiceTests" runstate="Runnable" seed="23442630" result="Passed" start-time="2026-01-27 04:01:38Z" end-time="2026-01-27 04:01:38Z" duration="0.204862" asserts="0">
                <properties>
                  <property name="retryIteration" value="0" />
                  <property name="repeatIteration" value="0" />
                </properties>
              </test-case>
            </test-suite>
          </test-suite>
        </test-suite>
        <test-suite type="TestSuite" id="1172" name="Tests" fullname="Game.Tests" runstate="Runnable" testcasecount="80" result="Passed" start-time="2026-01-27 04:01:38Z" end-time="2026-01-27 04:01:39Z" duration="0.633573" total="80" passed="80" failed="0" inconclusive="0" skipped="0" asserts="0">
          <properties />
          <test-suite type="TestSuite" id="1173" name="MVC" fullname="Game.Tests.MVC" runstate="Runnable" testcasecount="80" result="Passed" start-time="2026-01-27 04:01:38Z" end-time="2026-01-27 04:01:39Z" duration="0.628021" total="80" passed="80" failed="0" inconclusive="0" skipped="0" asserts="0">
            <properties />
            <test-suite type="TestFixture" id="1001" name="GameServiceManagerTests" fullname="Game.Tests.MVC.GameServiceManagerTests" classname="Game.Tests.MVC.GameServiceManagerTests" runstate="Runnable" testcasecount="13" result="Passed" start-time="2026-01-27 04:01:38Z" end-time="2026-01-27 04:01:38Z" duration="0.015534" total="13" passed="13" failed="0" inconclusive="0" skipped="0" asserts="0">
              <properties />
              <test-case id="1008" name="Add_CalledTwice_DoesNotDuplicate" fullname="Game.Tests.MVC.GameServiceManagerTests.Add_CalledTwice_DoesNotDuplicate" methodname="Add_CalledTwice_DoesNotDuplicate" classname="Game.Tests.MVC.GameServiceManagerTests" runstate="Runnable" seed="1785594684" result="Passed" start-time="2026-01-27 04:01:38Z" end-time="2026-01-27 04:01:38Z" duration="0.002542" asserts="0">
                <properties>
                  <property name="retryIteration" value="0" />
                  <property name="repeatIteration" value="0" />
                </properties>
              </test-case>
              <test-case id="1007" name="Add_CreatesAndStartsService" fullname="Game.Tests.MVC.GameServiceManagerTests.Add_CreatesAndStartsService" methodname="Add_CreatesAndStartsService" classname="Game.Tests.MVC.GameServiceManagerTests" runstate="Runnable" seed="1815191360" result="Passed" start-time="2026-01-27 04:01:38Z" end-time="2026-01-27 04:01:38Z" duration="0.000270" asserts="0">
                <properties>
                  <property name="retryIteration" value="0" />
                  <property name="repeatIteration" value="0" />
                </properties>
              </test-case>
              <test-case id="1006" name="Get_DifferentTypes_ReturnsDifferentInstances" fullname="Game.Tests.MVC.GameServiceManagerTests.Get_DifferentTypes_ReturnsDifferentInstances" methodname="Get_DifferentTypes_ReturnsDifferentInstances" classname="Game.Tests.MVC.GameServiceManagerTests" runstate="Runnable" seed="1229492126" result="Passed" start-time="2026-01-27 04:01:38Z" end-time="2026-01-27 04:01:38Z" duration="0.000649" asserts="0">
                <properties>
                  <property name="retryIteration" value="0" />
                  <property name="repeatIteration" value="0" />
                </properties>
              </test-case>
              <test-case id="1003" name="Get_FirstCall_CreatesAndStartsService" fullname="Game.Tests.MVC.GameServiceManagerTests.Get_FirstCall_CreatesAndStartsService" methodname="Get_FirstCall_CreatesAndStartsService" classname="Game.Tests.MVC.GameServiceManagerTests" runstate="Runnable" seed="106452515" result="Passed" start-time="2026-01-27 04:01:38Z" end-time="2026-01-27 04:01:38Z" duration="0.000246" asserts="0">
                <properties>
                  <property name="retryIteration" value="0" />
                  <property name="repeatIteration" value="0" />
                </properties>
              </test-case>
              <test-case id="1005" name="Get_SecondCall_DoesNotCallStartupAgain" fullname="Game.Tests.MVC.GameServiceManagerTests.Get_SecondCall_DoesNotCallStartupAgain" methodname="Get_SecondCall_DoesNotCallStartupAgain" classname="Game.Tests.MVC.GameServiceManagerTests" runstate="Runnable" seed="1985598252" result="Passed" start-time="2026-01-27 04:01:38Z" end-time="2026-01-27 04:01:38Z" duration="0.000203" asserts="0">
                <properties>
                  <property name="retryIteration" value="0" />
                  <property name="repeatIteration" value="0" />
                </properties>
              </test-case>
              <test-case id="1004" name="Get_SecondCall_ReturnsSameInstance" fullname="Game.Tests.MVC.GameServiceManagerTests.Get_SecondCall_ReturnsSameInstance" methodname="Get_SecondCall_ReturnsSameInstance" classname="Game.Tests.MVC.GameServiceManagerTests" runstate="Runnable" seed="361609421" result="Passed" start-time="2026-01-27 04:01:38Z" end-time="2026-01-27 04:01:38Z" duration="0.000194" asserts="0">
                <properties>
                  <property name="retryIteration" value="0" />
                  <property name="repeatIteration" value="0" />
                </properties>
              </test-case>
              <test-case id="1002" name="Instance_ReturnsSameInstance" fullname="Game.Tests.MVC.GameServiceManagerTests.Instance_ReturnsSameInstance" methodname="Instance_ReturnsSameInstance" classname="Game.Tests.MVC.GameServiceManagerTests" runstate="Runnable" seed="631259716" result="Passed" start-time="2026-01-27 04:01:38Z" end-time="2026-01-27 04:01:38Z" duration="0.000188" asserts="0">
                <properties>
                  <property name="retryIteration" value="0" />
                  <property name="repeatIteration" value="0" />
                </properties>
              </test-case>
              <test-case id="1009" name="Remove_ExistingService_CallsShutdown" fullname="Game.Tests.MVC.GameServiceManagerTests.Remove_ExistingService_CallsShutdown" methodname="Remove_ExistingService_CallsShutdown" classname="Game.Tests.MVC.GameServiceManagerTests" runstate="Runnable" seed="850562897" result="Passed" start-time="2026-01-27 04:01:38Z" end-time="2026-01-27 04:01:38Z" duration="0.000421" asserts="0">
                <properties>
                  <property name="retryIteration" value="0" />
                  <property name="repeatIteration" value="0" />
                </properties>
              </test-case>
              <test-case id="1010" name="Remove_NonExistingService_DoesNotThrow" fullname="Game.Tests.MVC.GameServiceManagerTests.Remove_NonExistingService_DoesNotThrow" methodname="Remove_NonExistingService_DoesNotThrow" classname="Game.Tests.MVC.GameServiceManagerTests" runstate="Runnable" seed="2042421207" result="Passed" start-time="2026-01-27 04:01:38Z" end-time="2026-01-27 04:01:38Z" duration="0.000464" asserts="0">
                <properties>
                  <property name="retryIteration" value="0" />
                  <property name="repeatIteration" value="0" />
                </properties>
              </test-case>
              <test-case id="1011" name="Remove_ThenGet_CreatesNewInstance" fullname="Game.Tests.MVC.GameServiceManagerTests.Remove_ThenGet_CreatesNewInstance" methodname="Remove_ThenGet_CreatesNewInstance" classname="Game.Tests.MVC.GameServiceManagerTests" runstate="Runnable" seed="617002162" result="Passed" start-time="2026-01-27 04:01:38Z" end-time="2026-01-27 04:01:38Z" duration="0.000228" asserts="0">
                <properties>
                  <property name="retryIteration" value="0" />
                  <property name="repeatIteration" value="0" />
                </properties>
              </test-case>
              <test-case id="1012" name="Shutdown_CallsShutdownOnAllServices" fullname="Game.Tests.MVC.GameServiceManagerTests.Shutdown_CallsShutdownOnAllServices" methodname="Shutdown_CallsShutdownOnAllServices" classname="Game.Tests.MVC.GameServiceManagerTests" runstate="Runnable" seed="735978126" result="Passed" start-time="2026-01-27 04:01:38Z" end-time="2026-01-27 04:01:38Z" duration="0.000200" asserts="0">
                <properties>
                  <property name="retryIteration" value="0" />
                  <property name="repeatIteration" value="0" />
                </properties>
              </test-case>
              <test-case id="1013" name="Shutdown_ClearsAllServices" fullname="Game.Tests.MVC.GameServiceManagerTests.Shutdown_ClearsAllServices" methodname="Shutdown_ClearsAllServices" classname="Game.Tests.MVC.GameServiceManagerTests" runstate="Runnable" seed="1912239152" result="Passed" start-time="2026-01-27 04:01:38Z" end-time="2026-01-27 04:01:38Z" duration="0.000213" asserts="0">
                <properties>
                  <property name="retryIteration" value="0" />
                  <property name="repeatIteration" value="0" />
                </properties>
              </test-case>
              <test-case id="1014" name="StartUp_ClearsExistingServices" fullname="Game.Tests.MVC.GameServiceManagerTests.StartUp_ClearsExistingServices" methodname="StartUp_ClearsExistingServices" classname="Game.Tests.MVC.GameServiceManagerTests" runstate="Runnable" seed="99445895" result="Passed" start-time="2026-01-27 04:01:38Z" end-time="2026-01-27 04:01:38Z" duration="0.000223" asserts="0">
                <properties>
                  <property name="retryIteration" value="0" />
                  <property name="repeatIteration" value="0" />
                </properties>
              </test-case>
            </test-suite>
            <test-suite type="TestFixture" id="1015" name="MessagePipeServiceTests" fullname="Game.Tests.MVC.MessagePipeServiceTests" classname="Game.Tests.MVC.MessagePipeServiceTests" runstate="Runnable" testcasecount="20" result="Passed" start-time="2026-01-27 04:01:38Z" end-time="2026-01-27 04:01:39Z" duration="0.460998" total="20" passed="20" failed="0" inconclusive="0" skipped="0" asserts="0">
              <properties />
              <test-case id="1032" name="GetAsyncPublisher_ReturnsNonNull" fullname="Game.Tests.MVC.MessagePipeServiceTests.GetAsyncPublisher_ReturnsNonNull" methodname="GetAsyncPublisher_ReturnsNonNull" classname="Game.Tests.MVC.MessagePipeServiceTests" runstate="Runnable" seed="288397095" result="Passed" start-time="2026-01-27 04:01:38Z" end-time="2026-01-27 04:01:38Z" duration="0.008556" asserts="0">
                <properties>
                  <property name="retryIteration" value="0" />
                  <property name="repeatIteration" value="0" />
                </properties>
              </test-case>
              <test-case id="1033" name="GetAsyncSubscriber_ReturnsNonNull" fullname="Game.Tests.MVC.MessagePipeServiceTests.GetAsyncSubscriber_ReturnsNonNull" methodname="GetAsyncSubscriber_ReturnsNonNull" classname="Game.Tests.MVC.MessagePipeServiceTests" runstate="Runnable" seed="136703926" result="Passed" start-time="2026-01-27 04:01:38Z" end-time="2026-01-27 04:01:38Z" duration="0.000415" asserts="0">
                <properties>
                  <property name="retryIteration" value="0" />
                  <property name="repeatIteration" value="0" />
                </properties>
              </test-case>
              <test-case id="1030" name="GetPublisher_ReturnsNonNull" fullname="Game.Tests.MVC.MessagePipeServiceTests.GetPublisher_ReturnsNonNull" methodname="GetPublisher_ReturnsNonNull" classname="Game.Tests.MVC.MessagePipeServiceTests" runstate="Runnable" seed="1369861638" result="Passed" start-time="2026-01-27 04:01:38Z" end-time="2026-01-27 04:01:38Z" duration="0.000557" asserts="0">
                <properties>
                  <property name="retryIteration" value="0" />
                  <property name="repeatIteration" value="0" />
                </properties>
              </test-case>
              <test-case id="1031" name="GetSubscriber_ReturnsNonNull" fullname="Game.Tests.MVC.MessagePipeServiceTests.GetSubscriber_ReturnsNonNull" methodname="GetSubscriber_ReturnsNonNull" classname="Game.Tests.MVC.MessagePipeServiceTests" runstate="Runnable" seed="1654820803" result="Passed" start-time="2026-01-27 04:01:38Z" end-time="2026-01-27 04:01:38Z" duration="0.000383" asserts="0">
                <properties>
                  <property name="retryIteration" value="0" />
                  <property name="repeatIteration" value="0" />
                </properties>
              </test-case>
              <test-case id="1029" name="PublishForget_Message_DoesNotBlock" fullname="Game.Tests.MVC.MessagePipeServiceTests.PublishForget_Message_DoesNotBlock" methodname="PublishForget_Message_DoesNotBlock" classname="Game.Tests.MVC.MessagePipeServiceTests" runstate="Runnable" seed="904322930" result="Passed" start-time="2026-01-27 04:01:38Z" end-time="2026-01-27 04:01:38Z" duration="0.006405" asserts="0">
                <properties>
                  <property name="retryIteration" value="0" />
                  <property name="repeatIteration" value="0" />
                </properties>
                <reason>
                  <message><![CDATA[]]></message>
                </reason>
              </test-case>
              <test-case id="1028" name="PublishForget_Signal_DoesNotBlock" fullname="Game.Tests.MVC.MessagePipeServiceTests.PublishForget_Signal_DoesNotBlock" methodname="PublishForget_Signal_DoesNotBlock" classname="Game.Tests.MVC.MessagePipeServiceTests" runstate="Runnable" seed="2077834345" result="Passed" start-time="2026-01-27 04:01:38Z" end-time="2026-01-27 04:01:38Z" duration="0.004057" asserts="0">
                <properties>
                  <property name="retryIteration" value="0" />
                  <property name="repeatIteration" value="0" />
                </properties>
                <reason>
                  <message><![CDATA[]]></message>
                </reason>
              </test-case>
              <test-case id="1035" name="Shutdown_CanBeCalledMultipleTimes" fullname="Game.Tests.MVC.MessagePipeServiceTests.Shutdown_CanBeCalledMultipleTimes" methodname="Shutdown_CanBeCalledMultipleTimes" classname="Game.Tests.MVC.MessagePipeServiceTests" runstate="Runnable" seed="1835862918" result="Passed" start-time="2026-01-27 04:01:38Z" end-time="2026-01-27 04:01:38Z" duration="0.000734" asserts="0">
                <properties>
                  <property name="retryIteration" value="0" />
                  <property name="repeatIteration" value="0" />
                </properties>
              </test-case>
              <test-case id="1034" name="Startup_CanBeCalledMultipleTimes" fullname="Game.Tests.MVC.MessagePipeServiceTests.Startup_CanBeCalledMultipleTimes" methodname="Startup_CanBeCalledMultipleTimes" classname="Game.Tests.MVC.MessagePipeServiceTests" runstate="Runnable" seed="756993321" result="Passed" start-time="2026-01-27 04:01:38Z" end-time="2026-01-27 04:01:38Z" duration="0.000630" asserts="0">
                <properties>
                  <property name="retryIteration" value="0" />
                  <property name="repeatIteration" value="0" />
                </properties>
              </test-case>
              <test-case id="1023" name="Subscribe_BoolMessage_ReceivesCorrectValue" fullname="Game.Tests.MVC.MessagePipeServiceTests.Subscribe_BoolMessage_ReceivesCorrectValue" methodname="Subscribe_BoolMessage_ReceivesCorrectValue" classname="Game.Tests.MVC.MessagePipeServiceTests" runstate="Runnable" seed="488649766" result="Passed" start-time="2026-01-27 04:01:38Z" end-time="2026-01-27 04:01:38Z" duration="0.003653" asserts="0">
                <properties>
                  <property name="retryIteration" value="0" />
                  <property name="repeatIteration" value="0" />
                </properties>
              </test-case>
              <test-case id="1022" name="Subscribe_FloatMessage_ReceivesCorrectValue" fullname="Game.Tests.MVC.MessagePipeServiceTests.Subscribe_FloatMessage_ReceivesCorrectValue" methodname="Subscribe_FloatMessage_ReceivesCorrectValue" classname="Game.Tests.MVC.MessagePipeServiceTests" runstate="Runnable" seed="1323379251" result="Passed" start-time="2026-01-27 04:01:38Z" end-time="2026-01-27 04:01:38Z" duration="0.003775" asserts="0">
                <properties>
                  <property name="retryIteration" value="0" />
                  <property name="repeatIteration" value="0" />
                </properties>
              </test-case>
              <test-case id="1021" name="Subscribe_IntMessage_MultiplePublishes_ReceivesAll" fullname="Game.Tests.MVC.MessagePipeServiceTests.Subscribe_IntMessage_MultiplePublishes_ReceivesAll" methodname="Subscribe_IntMessage_MultiplePublishes_ReceivesAll" classname="Game.Tests.MVC.MessagePipeServiceTests" runstate="Runnable" seed="1953121814" result="Passed" start-time="2026-01-27 04:01:38Z" end-time="2026-01-27 04:01:38Z" duration="0.002895" asserts="0">
                <properties>
                  <property name="retryIteration" value="0" />
                  <property name="repeatIteration" value="0" />
                </properties>
              </test-case>
              <test-case id="1020" name="Subscribe_IntMessage_ReceivesCorrectValue" fullname="Game.Tests.MVC.MessagePipeServiceTests.Subscribe_IntMessage_ReceivesCorrectValue" methodname="Subscribe_IntMessage_ReceivesCorrectValue" classname="Game.Tests.MVC.MessagePipeServiceTests" runstate="Runnable" seed="754718511" result="Passed" start-time="2026-01-27 04:01:38Z" end-time="2026-01-27 04:01:38Z" duration="0.000420" asserts="0">
                <properties>
                  <property name="retryIteration" value="0" />
                  <property name="repeatIteration" value="0" />
                </properties>
              </test-case>
[...]
                </properties>
              </test-case>
              <test-case id="1386" name="Get_UnregisteredType_ThrowsInvalidOperationException" fullname="Game.Tests.Shared.PersistentObjectProviderTests.Get_UnregisteredType_ThrowsInvalidOperationException" methodname="Get_UnregisteredType_ThrowsInvalidOperationException" classname="Game.Tests.Shared.PersistentObjectProviderTests" runstate="Runnable" seed="606593875" result="Passed" start-time="2026-01-27 04:02:11Z" end-time="2026-01-27 04:02:11Z" duration="0.000259" asserts="0">
                <properties>
                  <property name="retryIteration" value="0" />
                  <property name="repeatIteration" value="0" />
                </properties>
              </test-case>
              <test-case id="1383" name="Register_DifferentTypes_Succeeds" fullname="Game.Tests.Shared.PersistentObjectProviderTests.Register_DifferentTypes_Succeeds" methodname="Register_DifferentTypes_Succeeds" classname="Game.Tests.Shared.PersistentObjectProviderTests" runstate="Runnable" seed="1366465103" result="Passed" start-time="2026-01-27 04:02:11Z" end-time="2026-01-27 04:02:11Z" duration="0.000278" asserts="0">
                <properties>
                  <property name="retryIteration" value="0" />
                  <property name="repeatIteration" value="0" />
                </properties>
              </test-case>
              <test-case id="1384" name="Register_Interface_Succeeds" fullname="Game.Tests.Shared.PersistentObjectProviderTests.Register_Interface_Succeeds" methodname="Register_Interface_Succeeds" classname="Game.Tests.Shared.PersistentObjectProviderTests" runstate="Runnable" seed="842973911" result="Passed" start-time="2026-01-27 04:02:11Z" end-time="2026-01-27 04:02:11Z" duration="0.000246" asserts="0">
                <properties>
                  <property name="retryIteration" value="0" />
                  <property name="repeatIteration" value="0" />
                </properties>
              </test-case>
              <test-case id="1381" name="Register_NullObject_ThrowsArgumentNullException" fullname="Game.Tests.Shared.PersistentObjectProviderTests.Register_NullObject_ThrowsArgumentNullException" methodname="Register_NullObject_ThrowsArgumentNullException" classname="Game.Tests.Shared.PersistentObjectProviderTests" runstate="Runnable" seed="326987069" result="Passed" start-time="2026-01-27 04:02:11Z" end-time="2026-01-27 04:02:11Z" duration="0.000292" asserts="0">
                <properties>
                  <property name="retryIteration" value="0" />
                  <property name="repeatIteration" value="0" />
                </properties>
              </test-case>
              <test-case id="1398" name="Register_SameObjectAsDifferentTypes_BothAccessible" fullname="Game.Tests.Shared.PersistentObjectProviderTests.Register_SameObjectAsDifferentTypes_BothAccessible" methodname="Register_SameObjectAsDifferentTypes_BothAccessible" classname="Game.Tests.Shared.PersistentObjectProviderTests" runstate="Runnable" seed="1013655771" result="Passed" start-time="2026-01-27 04:02:11Z" end-time="2026-01-27 04:02:11Z" duration="0.000246" asserts="0">
                <properties>
                  <property name="retryIteration" value="0" />
                  <property name="repeatIteration" value="0" />
                </properties>
              </test-case>
              <test-case id="1382" name="Register_SameTypeTwice_ThrowsInvalidOperationException" fullname="Game.Tests.Shared.PersistentObjectProviderTests.Register_SameTypeTwice_ThrowsInvalidOperationException" methodname="Register_SameTypeTwice_ThrowsInvalidOperationException" classname="Game.Tests.Shared.PersistentObjectProviderTests" runstate="Runnable" seed="444208006" result="Passed" start-time="2026-01-27 04:02:11Z" end-time="2026-01-27 04:02:11Z" duration="0.000317" asserts="0">
                <properties>
                  <property name="retryIteration" value="0" />
                  <property name="repeatIteration" value="0" />
                </properties>
              </test-case>
              <test-case id="1380" name="Register_ValidObject_Succeeds" fullname="Game.Tests.Shared.PersistentObjectProviderTests.Register_ValidObject_Succeeds" methodname="Register_ValidObject_Succeeds" classname="Game.Tests.Shared.PersistentObjectProviderTests" runstate="Runnable" seed="794738615" result="Passed" start-time="2026-01-27 04:02:11Z" end-time="2026-01-27 04:02:11Z" duration="0.000329" asserts="0">
                <properties>
                  <property name="retryIteration" value="0" />
                  <property name="repeatIteration" value="0" />
                </properties>
              </test-case>
              <test-case id="1391" name="TryGet_Interface_ReturnsTrueAndImplementation" fullname="Game.Tests.Shared.PersistentObjectProviderTests.TryGet_Interface_ReturnsTrueAndImplementation" methodname="TryGet_Interface_ReturnsTrueAndImplementation" classname="Game.Tests.Shared.PersistentObjectProviderTests" runstate="Runnable" seed="2056339535" result="Passed" start-time="2026-01-27 04:02:11Z" end-time="2026-01-27 04:02:11Z" duration="0.000254" asserts="0">
                <properties>
                  <property name="retryIteration" value="0" />
                  <property name="repeatIteration" value="0" />
                </properties>
              </test-case>
              <test-case id="1389" name="TryGet_RegisteredObject_ReturnsTrueAndInstance" fullname="Game.Tests.Shared.PersistentObjectProviderTests.TryGet_RegisteredObject_ReturnsTrueAndInstance" methodname="TryGet_RegisteredObject_ReturnsTrueAndInstance" classname="Game.Tests.Shared.PersistentObjectProviderTests" runstate="Runnable" seed="1540576830" result="Passed" start-time="2026-01-27 04:02:11Z" end-time="2026-01-27 04:02:11Z" duration="0.000264" asserts="0">
                <properties>
                  <property name="retryIteration" value="0" />
                  <property name="repeatIteration" value="0" />
                </properties>
              </test-case>
              <test-case id="1390" name="TryGet_UnregisteredType_ReturnsFalseAndNull" fullname="Game.Tests.Shared.PersistentObjectProviderTests.TryGet_UnregisteredType_ReturnsFalseAndNull" methodname="TryGet_UnregisteredType_ReturnsFalseAndNull" classname="Game.Tests.Shared.PersistentObjectProviderTests" runstate="Runnable" seed="1525154632" result="Passed" start-time="2026-01-27 04:02:11Z" end-time="2026-01-27 04:02:11Z" duration="0.000235" asserts="0">
                <properties>
                  <property name="retryIteration" value="0" />
                  <property name="repeatIteration" value="0" />
                </properties>
              </test-case>
              <test-case id="1392" name="Unregister_RegisteredType_RemovesIt" fullname="Game.Tests.Shared.PersistentObjectProviderTests.Unregister_RegisteredType_RemovesIt" methodname="Unregister_RegisteredType_RemovesIt" classname="Game.Tests.Shared.PersistentObjectProviderTests" runstate="Runnable" seed="1166838322" result="Passed" start-time="2026-01-27 04:02:11Z" end-time="2026-01-27 04:02:11Z" duration="0.000282" asserts="0">
                <properties>
                  <property name="retryIteration" value="0" />
                  <property name="repeatIteration" value="0" />
                </properties>
              </test-case>
              <test-case id="1394" name="Unregister_ThenRegister_AllowsNewRegistration" fullname="Game.Tests.Shared.PersistentObjectProviderTests.Unregister_ThenRegister_AllowsNewRegistration" methodname="Unregister_ThenRegister_AllowsNewRegistration" classname="Game.Tests.Shared.PersistentObjectProviderTests" runstate="Runnable" seed="388389036" result="Passed" start-time="2026-01-27 04:02:11Z" end-time="2026-01-27 04:02:11Z" duration="0.000260" asserts="0">
                <properties>
                  <property name="retryIteration" value="0" />
                  <property name="repeatIteration" value="0" />
                </properties>
              </test-case>
              <test-case id="1393" name="Unregister_UnregisteredType_DoesNotThrow" fullname="Game.Tests.Shared.PersistentObjectProviderTests.Unregister_UnregisteredType_DoesNotThrow" methodname="Unregister_UnregisteredType_DoesNotThrow" classname="Game.Tests.Shared.PersistentObjectProviderTests" runstate="Runnable" seed="282882405" result="Passed" start-time="2026-01-27 04:02:11Z" end-time="2026-01-27 04:02:11Z" duration="0.000215" asserts="0">
                <properties>
                  <property name="retryIteration" value="0" />
                  <property name="repeatIteration" value="0" />
                </properties>
              </test-case>
            </test-suite>
            <test-suite type="TestFixture" id="1399" name="SaveServiceTests" fullname="Game.Tests.Shared.SaveServiceTests" classname="Game.Tests.Shared.SaveServiceTests" runstate="Runnable" testcasecount="11" result="Passed" start-time="2026-01-27 04:02:11Z" end-time="2026-01-27 04:02:12Z" duration="1.835416" total="11" passed="11" failed="0" inconclusive="0" skipped="0" asserts="0">
              <properties />
              <test-case id="1409" name="DeleteAsync_DeletesAndCreatesNewData" fullname="Game.Tests.Shared.SaveServiceTests.DeleteAsync_DeletesAndCreatesNewData" methodname="DeleteAsync_DeletesAndCreatesNewData" classname="Game.Tests.Shared.SaveServiceTests" runstate="Runnable" seed="1096754519" result="Passed" start-time="2026-01-27 04:02:11Z" end-time="2026-01-27 04:02:11Z" duration="0.210275" asserts="0">
                <properties>
                  <property name="retryIteration" value="0" />
                  <property name="repeatIteration" value="0" />
                </properties>
                <output><![CDATA[[TestSaveService] Loaded save data.
[TestSaveService] Save data deleted.
]]></output>
              </test-case>
              <test-case id="1401" name="LoadAsync_WhenDataExists_LoadsData" fullname="Game.Tests.Shared.SaveServiceTests.LoadAsync_WhenDataExists_LoadsData" methodname="LoadAsync_WhenDataExists_LoadsData" classname="Game.Tests.Shared.SaveServiceTests" runstate="Runnable" seed="1147384608" result="Passed" start-time="2026-01-27 04:02:11Z" end-time="2026-01-27 04:02:11Z" duration="0.207385" asserts="0">
                <properties>
                  <property name="retryIteration" value="0" />
                  <property name="repeatIteration" value="0" />
                </properties>
                <output><![CDATA[[TestSaveService] Loaded save data.
]]></output>
              </test-case>
              <test-case id="1400" name="LoadAsync_WhenDataNotExists_CreatesNewData" fullname="Game.Tests.Shared.SaveServiceTests.LoadAsync_WhenDataNotExists_CreatesNewData" methodname="LoadAsync_WhenDataNotExists_CreatesNewData" classname="Game.Tests.Shared.SaveServiceTests" runstate="Runnable" seed="537295764" result="Passed" start-time="2026-01-27 04:02:11Z" end-time="2026-01-27 04:02:11Z" duration="0.114236" asserts="0">
                <properties>
                  <property name="retryIteration" value="0" />
                  <property name="repeatIteration" value="0" />
                </properties>
                <output><![CDATA[[TestSaveService] Created new save data.
]]></output>
              </test-case>
              <test-case id="1403" name="LoadAsync_WhenStorageThrows_CreatesNewData" fullname="Game.Tests.Shared.SaveServiceTests.LoadAsync_WhenStorageThrows_CreatesNewData" methodname="LoadAsync_WhenStorageThrows_CreatesNewData" classname="Game.Tests.Shared.SaveServiceTests" runstate="Runnable" seed="1898688781" result="Passed" start-time="2026-01-27 04:02:11Z" end-time="2026-01-27 04:02:11Z" duration="0.113103" asserts="0">
                <properties>
                  <property name="retryIteration" value="0" />
                  <property name="repeatIteration" value="0" />
                </properties>
                <output><![CDATA[[TestSaveService] Failed to load: Storage error
]]></output>
              </test-case>
              <test-case id="1402" name="LoadAsync_WhenVersionOld_MigratesData" fullname="Game.Tests.Shared.SaveServiceTests.LoadAsync_WhenVersionOld_MigratesData" methodname="LoadAsync_WhenVersionOld_MigratesData" classname="Game.Tests.Shared.SaveServiceTests" runstate="Runnable" seed="1962261329" result="Passed" start-time="2026-01-27 04:02:11Z" end-time="2026-01-27 04:02:11Z" duration="0.205373" asserts="0">
                <properties>
                  <property name="retryIteration" value="0" />
                  <property name="repeatIteration" value="0" />
                </properties>
                <output><![CDATA[[TestSaveService] Loaded save data.
]]></output>
              </test-case>
              <test-case id="1410" name="MarkDirty_SetsDirtyFlag" fullname="Game.Tests.Shared.SaveServiceTests.MarkDirty_SetsDirtyFlag" methodname="MarkDirty_SetsDirtyFlag" classname="Game.Tests.Shared.SaveServiceTests" runstate="Runnable" seed="304008927" result="Passed" start-time="2026-01-27 04:02:11Z" end-time="2026-01-27 04:02:12Z" duration="0.207236" asserts="0">
                <properties>
                  <property name="retryIteration" value="0" />
                  <property name="repeatIteration" value="0" />
                </properties>
                <output><![CDATA[[TestSaveService] Loaded save data.
]]></output>
              </test-case>
              <test-case id="1404" name="SaveAsync_WhenDataLoaded_SavesData" fullname="Game.Tests.Shared.SaveServiceTests.SaveAsync_WhenDataLoaded_SavesData" methodname="SaveAsync_WhenDataLoaded_SavesData" classname="Game.Tests.Shared.SaveServiceTests" runstate="Runnable" seed="1401568015" result="Passed" start-time="2026-01-27 04:02:12Z" end-time="2026-01-27 04:02:12Z" duration="0.121131" asserts="0">
                <properties>
                  <property name="retryIteration" value="0" />
                  <property name="repeatIteration" value="0" />
                </properties>
                <output><![CDATA[[TestSaveService] Loaded save data.
[TestSaveService] Saved successfully.
]]></output>
              </test-case>
              <test-case id="1405" name="SaveAsync_WhenDataNotLoaded_DoesNotSave" fullname="Game.Tests.Shared.SaveServiceTests.SaveAsync_WhenDataNotLoaded_DoesNotSave" methodname="SaveAsync_WhenDataNotLoaded_DoesNotSave" classname="Game.Tests.Shared.SaveServiceTests" runstate="Runnable" seed="1698808486" result="Passed" start-time="2026-01-27 04:02:12Z" end-time="2026-01-27 04:02:12Z" duration="0.206073" asserts="0">
                <properties>
                  <property name="retryIteration" value="0" />
                  <property name="repeatIteration" value="0" />
                </properties>
                <output><![CDATA[[TestSaveService] No data to save.
]]></output>
              </test-case>
              <test-case id="1406" name="SaveAsync_WhenStorageThrows_KeepsDirtyFlag" fullname="Game.Tests.Shared.SaveServiceTests.SaveAsync_WhenStorageThrows_KeepsDirtyFlag" methodname="SaveAsync_WhenStorageThrows_KeepsDirtyFlag" classname="Game.Tests.Shared.SaveServiceTests" runstate="Runnable" seed="84371839" result="Passed" start-time="2026-01-27 04:02:12Z" end-time="2026-01-27 04:02:12Z" duration="0.119673" asserts="0">
                <properties>
                  <property name="retryIteration" value="0" />
                  <property name="repeatIteration" value="0" />
                </properties>
                <output><![CDATA[[TestSaveService] Loaded save data.
[TestSaveService] Failed to save: Save error
]]></output>
              </test-case>
              <test-case id="1407" name="SaveIfDirtyAsync_WhenDirty_SavesData" fullname="Game.Tests.Shared.SaveServiceTests.SaveIfDirtyAsync_WhenDirty_SavesData" methodname="SaveIfDirtyAsync_WhenDirty_SavesData" classname="Game.Tests.Shared.SaveServiceTests" runstate="Runnable" seed="933028592" result="Passed" start-time="2026-01-27 04:02:12Z" end-time="2026-01-27 04:02:12Z" duration="0.205553" asserts="0">
                <properties>
                  <property name="retryIteration" value="0" />
                  <property name="repeatIteration" value="0" />
                </properties>
                <output><![CDATA[[TestSaveService] Loaded save data.
[TestSaveService] Saved successfully.
]]></output>
              </test-case>
              <test-case id="1408" name="SaveIfDirtyAsync_WhenNotDirty_DoesNotSave" fullname="Game.Tests.Shared.SaveServiceTests.SaveIfDirtyAsync_WhenNotDirty_DoesNotSave" methodname="SaveIfDirtyAsync_WhenNotDirty_DoesNotSave" classname="Game.Tests.Shared.SaveServiceTests" runstate="Runnable" seed="1589262282" result="Passed" start-time="2026-01-27 04:02:12Z" end-time="2026-01-27 04:02:12Z" duration="0.114102" asserts="0">
                <properties>
                  <property name="retryIteration" value="0" />
                  <property name="repeatIteration" value="0" />
                </properties>
                <output><![CDATA[[TestSaveService] Loaded save data.
]]></output>
              </test-case>
            </test-suite>
          </test-suite>
        </test-suite>
      </test-suite>
    </test-suite>
    <test-suite type="Assembly" id="1466" name="Unity.Addressables.DocExampleCode.Editor.Tests.dll" fullname="E:/UnityProjects/Unity6Sample/Library/ScriptAssemblies/Unity.Addressables.DocExampleCode.Editor.Tests.dll" runstate="Runnable" testcasecount="1" result="Passed" start-time="2026-01-27 04:02:12Z" end-time="2026-01-27 04:02:13Z" duration="0.306682" total="1" passed="1" failed="0" inconclusive="0" skipped="0" asserts="0">
      <properties>
        <property name="_PID" value="53932" />
        <property name="_APPDOMAIN" value="Unity Child Domain" />
        <property name="platform" value="EditMode" />
        <property name="EditorOnly" value="True" />
      </properties>
      <test-suite type="TestSuite" id="1467" name="AddressableAssets" fullname="AddressableAssets" runstate="Runnable" testcasecount="1" result="Passed" start-time="2026-01-27 04:02:12Z" end-time="2026-01-27 04:02:13Z" duration="0.301529" total="1" passed="1" failed="0" inconclusive="0" skipped="0" asserts="0">
        <properties />
        <test-suite type="TestSuite" id="1468" name="DocExampleCode" fullname="AddressableAssets.DocExampleCode" runstate="Runnable" testcasecount="1" result="Passed" start-time="2026-01-27 04:02:13Z" end-time="2026-01-27 04:02:13Z" duration="0.201342" total="1" passed="1" failed="0" inconclusive="0" skipped="0" asserts="0">
          <properties />
          <test-suite type="TestFixture" id="1464" name="TestStub" fullname="AddressableAssets.DocExampleCode.TestStub" classname="AddressableAssets.DocExampleCode.TestStub" runstate="Runnable" testcasecount="1" result="Passed" start-time="2026-01-27 04:02:13Z" end-time="2026-01-27 04:02:13Z" duration="0.101599" total="1" passed="1" failed="0" inconclusive="0" skipped="0" asserts="0">
            <properties />
            <test-case id="1465" name="RequiredTest" fullname="AddressableAssets.DocExampleCode.TestStub.RequiredTest" methodname="RequiredTest" classname="AddressableAssets.DocExampleCode.TestStub" runstate="Runnable" seed="919940746" result="Passed" start-time="2026-01-27 04:02:13Z" end-time="2026-01-27 04:02:13Z" duration="0.000188" asserts="0">
              <properties>
                <property name="retryIteration" value="0" />
                <property name="repeatIteration" value="0" />
              </properties>
              <output><![CDATA[<b><color=#2EA3FF>MCP-FOR-UNITY</color></b>: [TestRunnerNoThrottle] Restored Interaction Mode after test run.
Saving results to: C:/Users/Rei-PC2/AppData/LocalLow/Rei/Unity6Sample\TestResults.xml
]]></output>
            </test-case>
          </test-suite>
        </test-suite>
      </test-suite>
    </test-suite>
  </test-suite>
</test-run>